<?xml version="1.0" encoding="UTF-8"?>
<!-- Generated by org.testng.reporters.JUnitXMLReporter -->
<testsuite hostname="DESKTOP-SUPC8FG" failures="1" tests="2" name="E-Commerce Test cases" time="45.817" errors="0" timestamp="2 Mar 2020 10:06:09 GMT">
  <testcase classname="TestPackage.TestClass" name="CreateNewAccount" time="17.508"/>
  <testcase classname="TestPackage.TestClass" name="LoginwithExitingUser" time="13.206">
    <failure type="java.lang.AssertionError" message="null">
      <![CDATA[java.lang.AssertionError: null
	at org.kale.pcs.pages.HomePage.SelectProduct(HomePage.java:50)
	at TestPackage.TestClass.LoginwithExitingUser(TestClass.java:68)
... Removed 26 stack frames]]>
    </failure>
  </testcase> <!-- LoginwithExitingUser -->
</testsuite> <!-- E-Commerce Test cases -->
