<?xml version="1.0" encoding="UTF-8"?>
<testng-results total="2" passed="1" failed="1" skipped="0">
  <reporter-output>
  </reporter-output>
  <suite started-at="2020-03-02T10:05:23Z" name="Automation Practice" finished-at="2020-03-02T10:06:09Z" duration-ms="45817">
    <groups>
    </groups>
    <test started-at="2020-03-02T10:05:23Z" name="E-Commerce Test cases" finished-at="2020-03-02T10:06:09Z" duration-ms="45817">
      <class name="TestPackage.TestClass">
        <test-method is-config="true" signature="intialization()[pri:0, instance:TestPackage.TestClass@2890c451]" started-at="2020-03-02T02:05:23Z" name="intialization" finished-at="2020-03-02T02:05:37Z" duration-ms="13602" status="PASS">
          <reporter-output>
          </reporter-output>
        </test-method> <!-- intialization -->
        <test-method is-config="true" signature="ReadDataUserDetails()[pri:0, instance:TestPackage.TestClass@2890c451]" started-at="2020-03-02T02:05:37Z" name="ReadDataUserDetails" finished-at="2020-03-02T02:05:37Z" duration-ms="184" status="PASS">
          <reporter-output>
          </reporter-output>
        </test-method> <!-- ReadDataUserDetails -->
        <test-method is-config="true" signature="ReadDataTestData()[pri:0, instance:TestPackage.TestClass@2890c451]" started-at="2020-03-02T02:05:37Z" name="ReadDataTestData" finished-at="2020-03-02T02:05:37Z" duration-ms="212" status="PASS">
          <reporter-output>
          </reporter-output>
        </test-method> <!-- ReadDataTestData -->
        <test-method signature="CreateNewAccount()[pri:0, instance:TestPackage.TestClass@2890c451]" started-at="2020-03-02T02:05:37Z" name="CreateNewAccount" finished-at="2020-03-02T02:05:55Z" duration-ms="17508" status="PASS">
          <reporter-output>
          </reporter-output>
        </test-method> <!-- CreateNewAccount -->
        <test-method is-config="true" signature="ReadDataTestData()[pri:0, instance:TestPackage.TestClass@2890c451]" started-at="2020-03-02T02:05:55Z" name="ReadDataTestData" finished-at="2020-03-02T02:05:55Z" duration-ms="20" status="PASS">
          <reporter-output>
          </reporter-output>
        </test-method> <!-- ReadDataTestData -->
        <test-method signature="LoginwithExitingUser()[pri:0, instance:TestPackage.TestClass@2890c451]" started-at="2020-03-02T02:05:55Z" name="LoginwithExitingUser" finished-at="2020-03-02T02:06:08Z" depends-on-methods="TestPackage.TestClass.CreateNewAccount" duration-ms="13206" status="FAIL">
          <exception class="java.lang.AssertionError">
            <message>
              <![CDATA[null]]>
            </message>
            <full-stacktrace>
              <![CDATA[java.lang.AssertionError: null
	at org.testng.Assert.fail(Assert.java:94)
	at org.testng.Assert.fail(Assert.java:101)
	at org.kale.pcs.pages.HomePage.SelectProduct(HomePage.java:50)
	at TestPackage.TestClass.LoginwithExitingUser(TestClass.java:68)
	at java.base/jdk.internal.reflect.NativeMethodAccessorImpl.invoke0(Native Method)
	at java.base/jdk.internal.reflect.NativeMethodAccessorImpl.invoke(NativeMethodAccessorImpl.java:62)
	at java.base/jdk.internal.reflect.DelegatingMethodAccessorImpl.invoke(DelegatingMethodAccessorImpl.java:43)
	at java.base/java.lang.reflect.Method.invoke(Method.java:567)
	at org.testng.internal.MethodInvocationHelper.invokeMethod(MethodInvocationHelper.java:85)
	at org.testng.internal.Invoker.invokeMethod(Invoker.java:639)
	at org.testng.internal.Invoker.invokeTestMethod(Invoker.java:816)
	at org.testng.internal.Invoker.invokeTestMethods(Invoker.java:1124)
	at org.testng.internal.TestMethodWorker.invokeTestMethods(TestMethodWorker.java:125)
	at org.testng.internal.TestMethodWorker.run(TestMethodWorker.java:108)
	at org.testng.TestRunner.privateRun(TestRunner.java:774)
	at org.testng.TestRunner.run(TestRunner.java:624)
	at org.testng.SuiteRunner.runTest(SuiteRunner.java:359)
	at org.testng.SuiteRunner.runSequentially(SuiteRunner.java:354)
	at org.testng.SuiteRunner.privateRun(SuiteRunner.java:312)
	at org.testng.SuiteRunner.run(SuiteRunner.java:261)
	at org.testng.SuiteRunnerWorker.runSuite(SuiteRunnerWorker.java:52)
	at org.testng.SuiteRunnerWorker.run(SuiteRunnerWorker.java:86)
	at org.testng.TestNG.runSuitesSequentially(TestNG.java:1215)
	at org.testng.TestNG.runSuitesLocally(TestNG.java:1140)
	at org.testng.TestNG.run(TestNG.java:1048)
	at org.testng.remote.AbstractRemoteTestNG.run(AbstractRemoteTestNG.java:115)
	at org.testng.remote.RemoteTestNG.initAndRun(RemoteTestNG.java:251)
	at org.testng.remote.RemoteTestNG.main(RemoteTestNG.java:77)
]]>
            </full-stacktrace>
          </exception> <!-- java.lang.AssertionError -->
          <reporter-output>
          </reporter-output>
        </test-method> <!-- LoginwithExitingUser -->
        <test-method is-config="true" signature="tearDown()[pri:0, instance:TestPackage.TestClass@2890c451]" started-at="2020-03-02T02:06:08Z" name="tearDown" finished-at="2020-03-02T02:06:09Z" duration-ms="1044" status="PASS">
          <reporter-output>
          </reporter-output>
        </test-method> <!-- tearDown -->
      </class> <!-- TestPackage.TestClass -->
    </test> <!-- E-Commerce Test cases -->
  </suite> <!-- Automation Practice -->
</testng-results>
